2024-08-08T09:53:43.454+02:00  INFO 20472 --- [KozakBurgerShop] [main] c.k.K.KozakBurgerShopApplication         : Starting KozakBurgerShopApplication using Java 17.0.12 with PID 20472 (C:\D\Project 2024 Final\KozakBurgerShop beckend\Final\KozakBurgerShopV2\target\classes started by ilprl in C:\D\Project 2024 Final\KozakBurgerShop beckend\Final\KozakBurgerShopV2)
2024-08-08T09:53:43.495+02:00  INFO 20472 --- [KozakBurgerShop] [main] c.k.K.KozakBurgerShopApplication         : The following 1 profile is active: "dev"
2024-08-08T09:53:48.873+02:00  INFO 20472 --- [KozakBurgerShop] [main] .s.d.r.c.RepositoryConfigurationDelegate : Bootstrapping Spring Data JPA repositories in DEFAULT mode.
2024-08-08T09:53:49.181+02:00  INFO 20472 --- [KozakBurgerShop] [main] .s.d.r.c.RepositoryConfigurationDelegate : Finished Spring Data repository scanning in 278 ms. Found 4 JPA repository interfaces.
2024-08-08T09:53:55.226+02:00  INFO 20472 --- [KozakBurgerShop] [main] o.s.b.w.embedded.tomcat.TomcatWebServer  : Tomcat initialized with port 8080 (http)
2024-08-08T09:53:55.270+02:00  INFO 20472 --- [KozakBurgerShop] [main] o.apache.catalina.core.StandardService   : Starting service [Tomcat]
2024-08-08T09:53:55.272+02:00  INFO 20472 --- [KozakBurgerShop] [main] o.apache.catalina.core.StandardEngine    : Starting Servlet engine: [Apache Tomcat/10.1.26]
2024-08-08T09:53:55.705+02:00  INFO 20472 --- [KozakBurgerShop] [main] o.a.c.c.C.[Tomcat].[localhost].[/api]    : Initializing Spring embedded WebApplicationContext
2024-08-08T09:53:55.707+02:00  INFO 20472 --- [KozakBurgerShop] [main] w.s.c.ServletWebServerApplicationContext : Root WebApplicationContext: initialization completed in 11937 ms
2024-08-08T09:53:56.423+02:00  INFO 20472 --- [KozakBurgerShop] [main] com.zaxxer.hikari.HikariDataSource       : HikariPool-1 - Starting...
2024-08-08T09:53:57.685+02:00  INFO 20472 --- [KozakBurgerShop] [main] com.zaxxer.hikari.pool.HikariPool        : HikariPool-1 - Added connection org.postgresql.jdbc.PgConnection@6d31f106
2024-08-08T09:53:57.690+02:00  INFO 20472 --- [KozakBurgerShop] [main] com.zaxxer.hikari.HikariDataSource       : HikariPool-1 - Start completed.
2024-08-08T09:53:59.171+02:00  INFO 20472 --- [KozakBurgerShop] [main] liquibase.database                       : Set default schema name to public
2024-08-08T09:54:03.688+02:00  INFO 20472 --- [KozakBurgerShop] [main] liquibase.changelog                      : Reading from public.databasechangelog
2024-08-08T09:54:03.913+02:00  INFO 20472 --- [KozakBurgerShop] [main] liquibase.ui                             : Database is up to date, no changesets to execute
2024-08-08T09:54:03.923+02:00  INFO 20472 --- [KozakBurgerShop] [main] liquibase.changelog                      : Reading from public.databasechangelog
2024-08-08T09:54:03.961+02:00  INFO 20472 --- [KozakBurgerShop] [main] liquibase.util                           : UPDATE SUMMARY
2024-08-08T09:54:03.962+02:00  INFO 20472 --- [KozakBurgerShop] [main] liquibase.util                           : Run:                          0
2024-08-08T09:54:03.962+02:00  INFO 20472 --- [KozakBurgerShop] [main] liquibase.util                           : Previously run:              17
2024-08-08T09:54:03.963+02:00  INFO 20472 --- [KozakBurgerShop] [main] liquibase.util                           : Filtered out:                 0
2024-08-08T09:54:03.963+02:00  INFO 20472 --- [KozakBurgerShop] [main] liquibase.util                           : -------------------------------
2024-08-08T09:54:03.963+02:00  INFO 20472 --- [KozakBurgerShop] [main] liquibase.util                           : Total change sets:           17
2024-08-08T09:54:03.967+02:00  INFO 20472 --- [KozakBurgerShop] [main] liquibase.util                           : Update summary generated
2024-08-08T09:54:04.078+02:00  INFO 20472 --- [KozakBurgerShop] [main] liquibase.lockservice                    : Successfully released change log lock
2024-08-08T09:54:04.085+02:00  INFO 20472 --- [KozakBurgerShop] [main] liquibase.command                        : Command execution complete
2024-08-08T09:54:04.612+02:00  INFO 20472 --- [KozakBurgerShop] [main] o.hibernate.jpa.internal.util.LogHelper  : HHH000204: Processing PersistenceUnitInfo [name: default]
2024-08-08T09:54:04.966+02:00  INFO 20472 --- [KozakBurgerShop] [main] org.hibernate.Version                    : HHH000412: Hibernate ORM core version 6.5.2.Final
2024-08-08T09:54:05.304+02:00  INFO 20472 --- [KozakBurgerShop] [main] o.h.c.internal.RegionFactoryInitiator    : HHH000026: Second-level cache disabled
2024-08-08T09:54:07.465+02:00  INFO 20472 --- [KozakBurgerShop] [main] o.s.o.j.p.SpringPersistenceUnitInfo      : No LoadTimeWeaver setup: ignoring JPA class transformer
2024-08-08T09:54:13.385+02:00  INFO 20472 --- [KozakBurgerShop] [main] o.h.e.t.j.p.i.JtaPlatformInitiator       : HHH000489: No JTA platform available (set 'hibernate.transaction.jta.platform' to enable JTA platform integration)
2024-08-08T09:54:13.398+02:00  INFO 20472 --- [KozakBurgerShop] [main] j.LocalContainerEntityManagerFactoryBean : Initialized JPA EntityManagerFactory for persistence unit 'default'
2024-08-08T09:54:16.422+02:00  WARN 20472 --- [KozakBurgerShop] [main] JpaBaseConfiguration$JpaWebConfiguration : spring.jpa.open-in-view is enabled by default. Therefore, database queries may be performed during view rendering. Explicitly configure spring.jpa.open-in-view to disable this warning
2024-08-08T09:54:16.522+02:00  INFO 20472 --- [KozakBurgerShop] [main] r$InitializeUserDetailsManagerConfigurer : Global AuthenticationManager configured with UserDetailsService bean with name userServiceImpl
2024-08-08T09:54:20.382+02:00  INFO 20472 --- [KozakBurgerShop] [main] o.s.b.w.embedded.tomcat.TomcatWebServer  : Tomcat started on port 8080 (http) with context path '/api'
2024-08-08T09:54:20.422+02:00  INFO 20472 --- [KozakBurgerShop] [main] c.k.K.KozakBurgerShopApplication         : Started KozakBurgerShopApplication in 39.492 seconds (process running for 68.467)
2024-08-08T09:56:10.402+02:00  INFO 20472 --- [KozakBurgerShop] [http-nio-8080-exec-2] o.a.c.c.C.[Tomcat].[localhost].[/api]    : Initializing Spring DispatcherServlet 'dispatcherServlet'
2024-08-08T09:56:10.405+02:00  INFO 20472 --- [KozakBurgerShop] [http-nio-8080-exec-2] o.s.web.servlet.DispatcherServlet        : Initializing Servlet 'dispatcherServlet'
2024-08-08T09:56:10.411+02:00  INFO 20472 --- [KozakBurgerShop] [http-nio-8080-exec-2] o.s.web.servlet.DispatcherServlet        : Completed initialization in 5 ms
2024-08-08T09:56:13.155+02:00  WARN 20472 --- [KozakBurgerShop] [http-nio-8080-exec-2] o.s.s.c.bcrypt.BCryptPasswordEncoder     : Encoded password does not look like BCrypt
2024-08-08T09:58:00.432+02:00  INFO 20472 --- [KozakBurgerShop] [SpringApplicationShutdownHook] j.LocalContainerEntityManagerFactoryBean : Closing JPA EntityManagerFactory for persistence unit 'default'
2024-08-08T09:58:00.447+02:00  INFO 20472 --- [KozakBurgerShop] [SpringApplicationShutdownHook] com.zaxxer.hikari.HikariDataSource       : HikariPool-1 - Shutdown initiated...
2024-08-08T09:58:00.467+02:00  INFO 20472 --- [KozakBurgerShop] [SpringApplicationShutdownHook] com.zaxxer.hikari.HikariDataSource       : HikariPool-1 - Shutdown completed.
2024-08-08T10:03:35.646+02:00  INFO 11656 --- [KozakBurgerShop] [main] c.k.K.KozakBurgerShopApplication         : Starting KozakBurgerShopApplication using Java 17.0.12 with PID 11656 (C:\D\Project 2024 Final\KozakBurgerShop beckend\Final\KozakBurgerShopV2\target\classes started by ilprl in C:\D\Project 2024 Final\KozakBurgerShop beckend\Final\KozakBurgerShopV2)
2024-08-08T10:03:35.656+02:00  INFO 11656 --- [KozakBurgerShop] [main] c.k.K.KozakBurgerShopApplication         : The following 1 profile is active: "dev"
2024-08-08T10:03:38.853+02:00  INFO 11656 --- [KozakBurgerShop] [main] .s.d.r.c.RepositoryConfigurationDelegate : Bootstrapping Spring Data JPA repositories in DEFAULT mode.
2024-08-08T10:03:39.182+02:00  INFO 11656 --- [KozakBurgerShop] [main] .s.d.r.c.RepositoryConfigurationDelegate : Finished Spring Data repository scanning in 288 ms. Found 4 JPA repository interfaces.
2024-08-08T10:03:41.011+02:00  INFO 11656 --- [KozakBurgerShop] [main] o.s.b.w.embedded.tomcat.TomcatWebServer  : Tomcat initialized with port 8080 (http)
2024-08-08T10:03:41.031+02:00  INFO 11656 --- [KozakBurgerShop] [main] o.apache.catalina.core.StandardService   : Starting service [Tomcat]
2024-08-08T10:03:41.032+02:00  INFO 11656 --- [KozakBurgerShop] [main] o.apache.catalina.core.StandardEngine    : Starting Servlet engine: [Apache Tomcat/10.1.26]
2024-08-08T10:03:41.146+02:00  INFO 11656 --- [KozakBurgerShop] [main] o.a.c.c.C.[Tomcat].[localhost].[/api]    : Initializing Spring embedded WebApplicationContext
2024-08-08T10:03:41.147+02:00  INFO 11656 --- [KozakBurgerShop] [main] w.s.c.ServletWebServerApplicationContext : Root WebApplicationContext: initialization completed in 5217 ms
2024-08-08T10:03:41.364+02:00  INFO 11656 --- [KozakBurgerShop] [main] com.zaxxer.hikari.HikariDataSource       : HikariPool-1 - Starting...
2024-08-08T10:03:41.756+02:00  INFO 11656 --- [KozakBurgerShop] [main] com.zaxxer.hikari.pool.HikariPool        : HikariPool-1 - Added connection org.postgresql.jdbc.PgConnection@64dc86c6
2024-08-08T10:03:41.759+02:00  INFO 11656 --- [KozakBurgerShop] [main] com.zaxxer.hikari.HikariDataSource       : HikariPool-1 - Start completed.
2024-08-08T10:03:42.137+02:00  INFO 11656 --- [KozakBurgerShop] [main] liquibase.database                       : Set default schema name to public
2024-08-08T10:03:44.436+02:00  INFO 11656 --- [KozakBurgerShop] [main] liquibase.changelog                      : Reading from public.databasechangelog
2024-08-08T10:03:44.549+02:00  INFO 11656 --- [KozakBurgerShop] [main] liquibase.ui                             : Database is up to date, no changesets to execute
2024-08-08T10:03:44.553+02:00  INFO 11656 --- [KozakBurgerShop] [main] liquibase.changelog                      : Reading from public.databasechangelog
2024-08-08T10:03:44.571+02:00  INFO 11656 --- [KozakBurgerShop] [main] liquibase.util                           : UPDATE SUMMARY
2024-08-08T10:03:44.571+02:00  INFO 11656 --- [KozakBurgerShop] [main] liquibase.util                           : Run:                          0
2024-08-08T10:03:44.571+02:00  INFO 11656 --- [KozakBurgerShop] [main] liquibase.util                           : Previously run:              17
2024-08-08T10:03:44.571+02:00  INFO 11656 --- [KozakBurgerShop] [main] liquibase.util                           : Filtered out:                 0
2024-08-08T10:03:44.572+02:00  INFO 11656 --- [KozakBurgerShop] [main] liquibase.util                           : -------------------------------
2024-08-08T10:03:44.572+02:00  INFO 11656 --- [KozakBurgerShop] [main] liquibase.util                           : Total change sets:           17
2024-08-08T10:03:44.573+02:00  INFO 11656 --- [KozakBurgerShop] [main] liquibase.util                           : Update summary generated
2024-08-08T10:03:44.609+02:00  INFO 11656 --- [KozakBurgerShop] [main] liquibase.lockservice                    : Successfully released change log lock
2024-08-08T10:03:44.611+02:00  INFO 11656 --- [KozakBurgerShop] [main] liquibase.command                        : Command execution complete
2024-08-08T10:03:44.847+02:00  INFO 11656 --- [KozakBurgerShop] [main] o.hibernate.jpa.internal.util.LogHelper  : HHH000204: Processing PersistenceUnitInfo [name: default]
2024-08-08T10:03:44.984+02:00  INFO 11656 --- [KozakBurgerShop] [main] org.hibernate.Version                    : HHH000412: Hibernate ORM core version 6.5.2.Final
2024-08-08T10:03:45.055+02:00  INFO 11656 --- [KozakBurgerShop] [main] o.h.c.internal.RegionFactoryInitiator    : HHH000026: Second-level cache disabled
2024-08-08T10:03:45.659+02:00  INFO 11656 --- [KozakBurgerShop] [main] o.s.o.j.p.SpringPersistenceUnitInfo      : No LoadTimeWeaver setup: ignoring JPA class transformer
2024-08-08T10:03:48.195+02:00  INFO 11656 --- [KozakBurgerShop] [main] o.h.e.t.j.p.i.JtaPlatformInitiator       : HHH000489: No JTA platform available (set 'hibernate.transaction.jta.platform' to enable JTA platform integration)
2024-08-08T10:03:48.205+02:00  INFO 11656 --- [KozakBurgerShop] [main] j.LocalContainerEntityManagerFactoryBean : Initialized JPA EntityManagerFactory for persistence unit 'default'
2024-08-08T10:03:49.388+02:00  WARN 11656 --- [KozakBurgerShop] [main] JpaBaseConfiguration$JpaWebConfiguration : spring.jpa.open-in-view is enabled by default. Therefore, database queries may be performed during view rendering. Explicitly configure spring.jpa.open-in-view to disable this warning
2024-08-08T10:03:49.454+02:00  INFO 11656 --- [KozakBurgerShop] [main] r$InitializeUserDetailsManagerConfigurer : Global AuthenticationManager configured with UserDetailsService bean with name userServiceImpl
2024-08-08T10:03:51.093+02:00  INFO 11656 --- [KozakBurgerShop] [main] o.s.b.w.embedded.tomcat.TomcatWebServer  : Tomcat started on port 8080 (http) with context path '/api'
2024-08-08T10:03:51.123+02:00  INFO 11656 --- [KozakBurgerShop] [main] c.k.K.KozakBurgerShopApplication         : Started KozakBurgerShopApplication in 16.892 seconds (process running for 18.976)
2024-08-08T10:04:39.206+02:00  INFO 11656 --- [KozakBurgerShop] [http-nio-8080-exec-1] o.a.c.c.C.[Tomcat].[localhost].[/api]    : Initializing Spring DispatcherServlet 'dispatcherServlet'
2024-08-08T10:04:39.207+02:00  INFO 11656 --- [KozakBurgerShop] [http-nio-8080-exec-1] o.s.web.servlet.DispatcherServlet        : Initializing Servlet 'dispatcherServlet'
2024-08-08T10:04:39.210+02:00  INFO 11656 --- [KozakBurgerShop] [http-nio-8080-exec-1] o.s.web.servlet.DispatcherServlet        : Completed initialization in 3 ms
2024-08-08T10:09:46.687+02:00  WARN 11656 --- [KozakBurgerShop] [http-nio-8080-exec-3] o.s.s.c.bcrypt.BCryptPasswordEncoder     : Encoded password does not look like BCrypt
2024-08-08T10:10:24.764+02:00  INFO 11656 --- [KozakBurgerShop] [http-nio-8080-exec-4] c.k.K.domain.logging.AspectLogging       : Method save called in ProductServiceImpl with parameter [FAILED toString()]
2024-08-08T10:10:24.875+02:00  INFO 11656 --- [KozakBurgerShop] [http-nio-8080-exec-4] c.k.K.domain.logging.AspectLogging       : Method save called in ProductServiceImpl finished its work
2024-08-08T10:10:46.513+02:00  INFO 11656 --- [KozakBurgerShop] [http-nio-8080-exec-6] c.k.K.domain.logging.AspectLogging       : Method save called in ProductServiceImpl with parameter [FAILED toString()]
2024-08-08T10:10:46.525+02:00  INFO 11656 --- [KozakBurgerShop] [http-nio-8080-exec-6] c.k.K.domain.logging.AspectLogging       : Method save called in ProductServiceImpl finished its work
2024-08-08T10:11:01.043+02:00  INFO 11656 --- [KozakBurgerShop] [SpringApplicationShutdownHook] j.LocalContainerEntityManagerFactoryBean : Closing JPA EntityManagerFactory for persistence unit 'default'
2024-08-08T10:11:01.052+02:00  INFO 11656 --- [KozakBurgerShop] [SpringApplicationShutdownHook] com.zaxxer.hikari.HikariDataSource       : HikariPool-1 - Shutdown initiated...
2024-08-08T10:11:01.058+02:00  INFO 11656 --- [KozakBurgerShop] [SpringApplicationShutdownHook] com.zaxxer.hikari.HikariDataSource       : HikariPool-1 - Shutdown completed.
2024-08-08T10:12:09.684+02:00  INFO 12016 --- [KozakBurgerShop] [main] c.k.K.KozakBurgerShopApplication         : Starting KozakBurgerShopApplication using Java 17.0.12 with PID 12016 (C:\D\Project 2024 Final\KozakBurgerShop beckend\Final\KozakBurgerShopV2\target\classes started by ilprl in C:\D\Project 2024 Final\KozakBurgerShop beckend\Final\KozakBurgerShopV2)
2024-08-08T10:12:09.705+02:00  INFO 12016 --- [KozakBurgerShop] [main] c.k.K.KozakBurgerShopApplication         : The following 1 profile is active: "dev"
2024-08-08T10:12:14.542+02:00  INFO 12016 --- [KozakBurgerShop] [main] .s.d.r.c.RepositoryConfigurationDelegate : Bootstrapping Spring Data JPA repositories in DEFAULT mode.
2024-08-08T10:12:14.870+02:00  INFO 12016 --- [KozakBurgerShop] [main] .s.d.r.c.RepositoryConfigurationDelegate : Finished Spring Data repository scanning in 292 ms. Found 4 JPA repository interfaces.
2024-08-08T10:12:18.465+02:00  INFO 12016 --- [KozakBurgerShop] [main] o.s.b.w.embedded.tomcat.TomcatWebServer  : Tomcat initialized with port 8080 (http)
2024-08-08T10:12:18.509+02:00  INFO 12016 --- [KozakBurgerShop] [main] o.apache.catalina.core.StandardService   : Starting service [Tomcat]
2024-08-08T10:12:18.511+02:00  INFO 12016 --- [KozakBurgerShop] [main] o.apache.catalina.core.StandardEngine    : Starting Servlet engine: [Apache Tomcat/10.1.26]
2024-08-08T10:12:19.034+02:00  INFO 12016 --- [KozakBurgerShop] [main] o.a.c.c.C.[Tomcat].[localhost].[/api]    : Initializing Spring embedded WebApplicationContext
2024-08-08T10:12:19.035+02:00  INFO 12016 --- [KozakBurgerShop] [main] w.s.c.ServletWebServerApplicationContext : Root WebApplicationContext: initialization completed in 8921 ms
2024-08-08T10:12:19.452+02:00  INFO 12016 --- [KozakBurgerShop] [main] com.zaxxer.hikari.HikariDataSource       : HikariPool-1 - Starting...
2024-08-08T10:12:20.381+02:00  INFO 12016 --- [KozakBurgerShop] [main] com.zaxxer.hikari.pool.HikariPool        : HikariPool-1 - Added connection org.postgresql.jdbc.PgConnection@5980fa73
2024-08-08T10:12:20.384+02:00  INFO 12016 --- [KozakBurgerShop] [main] com.zaxxer.hikari.HikariDataSource       : HikariPool-1 - Start completed.
2024-08-08T10:12:20.834+02:00  INFO 12016 --- [KozakBurgerShop] [main] liquibase.database                       : Set default schema name to public
2024-08-08T10:12:22.730+02:00  INFO 12016 --- [KozakBurgerShop] [main] liquibase.changelog                      : Reading from public.databasechangelog
2024-08-08T10:12:22.837+02:00  INFO 12016 --- [KozakBurgerShop] [main] liquibase.ui                             : Database is up to date, no changesets to execute
2024-08-08T10:12:22.840+02:00  INFO 12016 --- [KozakBurgerShop] [main] liquibase.changelog                      : Reading from public.databasechangelog
2024-08-08T10:12:22.856+02:00  INFO 12016 --- [KozakBurgerShop] [main] liquibase.util                           : UPDATE SUMMARY
2024-08-08T10:12:22.856+02:00  INFO 12016 --- [KozakBurgerShop] [main] liquibase.util                           : Run:                          0
2024-08-08T10:12:22.856+02:00  INFO 12016 --- [KozakBurgerShop] [main] liquibase.util                           : Previously run:              17
2024-08-08T10:12:22.856+02:00  INFO 12016 --- [KozakBurgerShop] [main] liquibase.util                           : Filtered out:                 0
2024-08-08T10:12:22.856+02:00  INFO 12016 --- [KozakBurgerShop] [main] liquibase.util                           : -------------------------------
2024-08-08T10:12:22.856+02:00  INFO 12016 --- [KozakBurgerShop] [main] liquibase.util                           : Total change sets:           17
2024-08-08T10:12:22.858+02:00  INFO 12016 --- [KozakBurgerShop] [main] liquibase.util                           : Update summary generated
2024-08-08T10:12:22.910+02:00  INFO 12016 --- [KozakBurgerShop] [main] liquibase.lockservice                    : Successfully released change log lock
2024-08-08T10:12:22.913+02:00  INFO 12016 --- [KozakBurgerShop] [main] liquibase.command                        : Command execution complete
2024-08-08T10:12:23.126+02:00  INFO 12016 --- [KozakBurgerShop] [main] o.hibernate.jpa.internal.util.LogHelper  : HHH000204: Processing PersistenceUnitInfo [name: default]
2024-08-08T10:12:23.294+02:00  INFO 12016 --- [KozakBurgerShop] [main] org.hibernate.Version                    : HHH000412: Hibernate ORM core version 6.5.2.Final
2024-08-08T10:12:23.415+02:00  INFO 12016 --- [KozakBurgerShop] [main] o.h.c.internal.RegionFactoryInitiator    : HHH000026: Second-level cache disabled
2024-08-08T10:12:24.207+02:00  INFO 12016 --- [KozakBurgerShop] [main] o.s.o.j.p.SpringPersistenceUnitInfo      : No LoadTimeWeaver setup: ignoring JPA class transformer
2024-08-08T10:12:26.506+02:00  INFO 12016 --- [KozakBurgerShop] [main] o.h.e.t.j.p.i.JtaPlatformInitiator       : HHH000489: No JTA platform available (set 'hibernate.transaction.jta.platform' to enable JTA platform integration)
2024-08-08T10:12:26.512+02:00  INFO 12016 --- [KozakBurgerShop] [main] j.LocalContainerEntityManagerFactoryBean : Initialized JPA EntityManagerFactory for persistence unit 'default'
2024-08-08T10:12:28.233+02:00  WARN 12016 --- [KozakBurgerShop] [main] JpaBaseConfiguration$JpaWebConfiguration : spring.jpa.open-in-view is enabled by default. Therefore, database queries may be performed during view rendering. Explicitly configure spring.jpa.open-in-view to disable this warning
2024-08-08T10:12:28.294+02:00  INFO 12016 --- [KozakBurgerShop] [main] r$InitializeUserDetailsManagerConfigurer : Global AuthenticationManager configured with UserDetailsService bean with name userServiceImpl
2024-08-08T10:12:30.064+02:00  INFO 12016 --- [KozakBurgerShop] [main] o.s.b.w.embedded.tomcat.TomcatWebServer  : Tomcat started on port 8080 (http) with context path '/api'
2024-08-08T10:12:30.092+02:00  INFO 12016 --- [KozakBurgerShop] [main] c.k.K.KozakBurgerShopApplication         : Started KozakBurgerShopApplication in 22.747 seconds (process running for 25.843)
2024-08-08T10:12:48.224+02:00  INFO 12016 --- [KozakBurgerShop] [http-nio-8080-exec-2] o.a.c.c.C.[Tomcat].[localhost].[/api]    : Initializing Spring DispatcherServlet 'dispatcherServlet'
2024-08-08T10:12:48.226+02:00  INFO 12016 --- [KozakBurgerShop] [http-nio-8080-exec-2] o.s.web.servlet.DispatcherServlet        : Initializing Servlet 'dispatcherServlet'
2024-08-08T10:12:48.234+02:00  INFO 12016 --- [KozakBurgerShop] [http-nio-8080-exec-2] o.s.web.servlet.DispatcherServlet        : Completed initialization in 7 ms
2024-08-08T10:12:48.587+02:00  WARN 12016 --- [KozakBurgerShop] [http-nio-8080-exec-2] .w.s.m.s.DefaultHandlerExceptionResolver : Resolved [org.springframework.http.converter.HttpMessageNotReadableException: JSON parse error: Unrecognized token 'Ffried': was expecting (JSON String, Number, Array, Object or token 'null', 'true' or 'false')]
2024-08-08T10:13:19.714+02:00  INFO 12016 --- [KozakBurgerShop] [http-nio-8080-exec-4] c.k.K.domain.logging.AspectLogging       : Method save called in ProductServiceImpl with parameter Product DTO: id - null, title - Smoky Mountain Burger1, price - 4.00, image - https://github.com/LaxyM/image_Food/blob/main/food_13.png?raw=true, description - A juicy patty with a smoky flavor, fresh vegetables, and special sauce., category - Burgers, rate - 4,0
2024-08-08T10:13:19.887+02:00  INFO 12016 --- [KozakBurgerShop] [http-nio-8080-exec-4] c.k.K.domain.logging.AspectLogging       : Method save called in ProductServiceImpl finished its work
2024-08-08T10:13:28.972+02:00  INFO 12016 --- [KozakBurgerShop] [http-nio-8080-exec-5] c.k.K.domain.logging.AspectLogging       : Method save called in ProductServiceImpl with parameter Product DTO: id - null, title - Smoky Mountain Burgerw, price - 4.00, image - https://github.com/LaxyM/image_Food/blob/main/food_13.png?raw=true, description - A juicy patty with a smoky flavor, fresh vegetables, and special sauce., category - Burgers, rate - 4,0
2024-08-08T10:13:29.116+02:00  INFO 12016 --- [KozakBurgerShop] [http-nio-8080-exec-5] c.k.K.domain.logging.AspectLogging       : Method save called in ProductServiceImpl finished its work
2024-08-08T10:23:30.237+02:00  INFO 12016 --- [KozakBurgerShop] [SpringApplicationShutdownHook] j.LocalContainerEntityManagerFactoryBean : Closing JPA EntityManagerFactory for persistence unit 'default'
2024-08-08T10:23:30.287+02:00  INFO 12016 --- [KozakBurgerShop] [SpringApplicationShutdownHook] com.zaxxer.hikari.HikariDataSource       : HikariPool-1 - Shutdown initiated...
2024-08-08T10:23:30.318+02:00  INFO 12016 --- [KozakBurgerShop] [SpringApplicationShutdownHook] com.zaxxer.hikari.HikariDataSource       : HikariPool-1 - Shutdown completed.
